<?xml version="1.0" encoding="UTF-8"?>
<!-- Generated by org.testng.reporters.JUnitReportReporter -->
<testsuite skipped="0" hostname="DELL-PC" name="Ex.Execution" tests="1" failures="0" timestamp="11 Apr 2018 11:13:00 GMT" time="7.069" errors="0">
  <testcase name="Display" time="7.069" classname="Ex.Execution"/>
</testsuite> <!-- Ex.Execution -->
